{
  "D:/WEB/rolling-school/react js/rs-react-dubovik/cypress/support/commands.ts": {
    "path": "D:/WEB/rolling-school/react js/rs-react-dubovik/cypress/support/commands.ts",
    "statementMap": {},
    "fnMap": {},
    "branchMap": {},
    "s": {},
    "f": {},
    "b": {},
    "inputSourceMap": {
      "version": 3,
      "sources": [
        "D:/WEB/rolling-school/react js/rs-react-dubovik/cypress/support/commands.ts"
      ],
      "names": [],
      "mappings": "AAAA,iCAAiC;AACjC,kDAAkD;AAClD,4CAA4C;AAC5C,+CAA+C;AAC/C,qBAAqB;AACrB,EAAE;AACF,4CAA4C;AAC5C,kCAAkC;AAClC,wCAAwC;AACxC,kDAAkD;AAClD,EAAE;AACF,EAAE;AACF,iCAAiC;AACjC,8DAA8D;AAC9D,EAAE;AACF,EAAE;AACF,gCAAgC;AAChC,yFAAyF;AACzF,EAAE;AACF,EAAE;AACF,+BAA+B;AAC/B,6FAA6F;AAC7F,EAAE;AACF,EAAE;AACF,gDAAgD;AAChD,6EAA6E;AAC7E,EAAE;AACF,mBAAmB;AACnB,wBAAwB;AACxB,4BAA4B;AAC5B,gEAAgE;AAChE,kFAAkF;AAClF,qFAAqF;AACrF,8GAA8G;AAC9G,QAAQ;AACR,MAAM;AACN,IAAI"
    },
    "_coverageSchema": "1a1c01bbd47fc00a2c39e90264f33305004495a9",
    "hash": "4ce54585b171186aa7d743f187615c0618ea7b44"
  },
  "D:/WEB/rolling-school/react js/rs-react-dubovik/cypress/support/component.ts": {
    "path": "D:/WEB/rolling-school/react js/rs-react-dubovik/cypress/support/component.ts",
    "statementMap": {
      "0": {
        "start": {
          "line": 21,
          "column": 0
        },
        "end": {
          "line": 21,
          "column": 37
        }
      }
    },
    "fnMap": {},
    "branchMap": {},
    "s": {
      "0": 2
    },
    "f": {},
    "b": {},
    "inputSourceMap": {
      "version": 3,
      "sources": [
        "D:/WEB/rolling-school/react js/rs-react-dubovik/cypress/support/component.ts"
      ],
      "names": [
        "mount",
        "Cypress",
        "Commands",
        "add"
      ],
      "mappings": "AAAA,8DAA8D;AAC9D,qDAAqD;AACrD,+CAA+C;AAC/C,EAAE;AACF,wDAAwD;AACxD,kCAAkC;AAClC,EAAE;AACF,uDAAuD;AACvD,+CAA+C;AAC/C,sCAAsC;AACtC,EAAE;AACF,0BAA0B;AAC1B,sCAAsC;AACtC,8DAA8D;AAE9D,OAAO,iCAAiC;AAExC,0CAA0C;AAC1C,OAAO,aAAa;AAEpB,6CAA6C;AAC7C,wBAAwB;AAExB,SAASA,KAAK,QAAQ,kBAAkB;AAcxCC,QAAQC,QAAQ,CAACC,GAAG,CAAC,SAASH,QAE9B,eAAe;CACf,4BAA4B"
    },
    "_coverageSchema": "1a1c01bbd47fc00a2c39e90264f33305004495a9",
    "hash": "977ef48a53f7a34f51cc3a7a2c0fdf7e85d1821d"
  },
  "D:/WEB/rolling-school/react js/rs-react-dubovik/src/common/constants/app.ts": {
    "path": "D:/WEB/rolling-school/react js/rs-react-dubovik/src/common/constants/app.ts",
    "statementMap": {
      "0": {
        "start": {
          "line": 1,
          "column": 22
        },
        "end": {
          "line": 7,
          "column": 1
        }
      },
      "1": {
        "start": {
          "line": 8,
          "column": 26
        },
        "end": {
          "line": 8,
          "column": 71
        }
      },
      "2": {
        "start": {
          "line": 9,
          "column": 26
        },
        "end": {
          "line": 9,
          "column": 71
        }
      },
      "3": {
        "start": {
          "line": 10,
          "column": 23
        },
        "end": {
          "line": 10,
          "column": 50
        }
      }
    },
    "fnMap": {},
    "branchMap": {},
    "s": {
      "0": 6,
      "1": 6,
      "2": 6,
      "3": 6
    },
    "f": {},
    "b": {},
    "inputSourceMap": {
      "version": 3,
      "sources": [
        "D:/WEB/rolling-school/react js/rs-react-dubovik/src/common/constants/app.ts"
      ],
      "names": [
        "ROUTES",
        "main",
        "about",
        "bad",
        "form",
        "any",
        "ACCESS_KEY",
        "SECRET_KEY",
        "API_URL"
      ],
      "mappings": "AAAA,OAAO,MAAMA,SAAS;IACpBC,MAAM;IACNC,OAAO;IACPC,KAAK;IACLC,MAAM;IACNC,KAAK;AACP,EAAE;AAEF,OAAO,MAAMC,aAAa,8CAA8C;AACxE,OAAO,MAAMC,aAAa,8CAA8C;AACxE,OAAO,MAAMC,UAAU,4BAA4B"
    },
    "_coverageSchema": "1a1c01bbd47fc00a2c39e90264f33305004495a9",
    "hash": "58ab3e06f50a6ef4fe926716e9b09333240e45d7"
  },
  "D:/WEB/rolling-school/react js/rs-react-dubovik/src/components/UI/navbar/Navbar.tsx": {
    "path": "D:/WEB/rolling-school/react js/rs-react-dubovik/src/components/UI/navbar/Navbar.tsx",
    "statementMap": {
      "0": {
        "start": {
          "line": 3,
          "column": 0
        },
        "end": {
          "line": 3,
          "column": 104
        }
      },
      "1": {
        "start": {
          "line": 3,
          "column": 26
        },
        "end": {
          "line": 3,
          "column": 104
        }
      },
      "2": {
        "start": {
          "line": 4,
          "column": 23
        },
        "end": {
          "line": 4,
          "column": 42
        }
      },
      "3": {
        "start": {
          "line": 5,
          "column": 23
        },
        "end": {
          "line": 5,
          "column": 42
        }
      },
      "4": {
        "start": {
          "line": 6,
          "column": 0
        },
        "end": {
          "line": 6,
          "column": 138
        }
      },
      "5": {
        "start": {
          "line": 7,
          "column": 0
        },
        "end": {
          "line": 7,
          "column": 73
        }
      },
      "6": {
        "start": {
          "line": 14,
          "column": 15
        },
        "end": {
          "line": 51,
          "column": 1
        }
      },
      "7": {
        "start": {
          "line": 15,
          "column": 4
        },
        "end": {
          "line": 50,
          "column": 13
        }
      },
      "8": {
        "start": {
          "line": 19,
          "column": 44
        },
        "end": {
          "line": 19,
          "column": 88
        }
      },
      "9": {
        "start": {
          "line": 28,
          "column": 44
        },
        "end": {
          "line": 28,
          "column": 88
        }
      },
      "10": {
        "start": {
          "line": 37,
          "column": 44
        },
        "end": {
          "line": 37,
          "column": 88
        }
      },
      "11": {
        "start": {
          "line": 52,
          "column": 0
        },
        "end": {
          "line": 52,
          "column": 12
        }
      },
      "12": {
        "start": {
          "line": 55,
          "column": 0
        },
        "end": {
          "line": 55,
          "column": 27
        }
      },
      "13": {
        "start": {
          "line": 58,
          "column": 0
        },
        "end": {
          "line": 58,
          "column": 37
        }
      },
      "14": {
        "start": {
          "line": 59,
          "column": 0
        },
        "end": {
          "line": 59,
          "column": 37
        }
      },
      "15": {
        "start": {
          "line": 60,
          "column": 0
        },
        "end": {
          "line": 67,
          "column": 3
        }
      },
      "16": {
        "start": {
          "line": 61,
          "column": 2
        },
        "end": {
          "line": 61,
          "column": 151
        }
      },
      "17": {
        "start": {
          "line": 62,
          "column": 2
        },
        "end": {
          "line": 66,
          "column": 5
        }
      },
      "18": {
        "start": {
          "line": 63,
          "column": 4
        },
        "end": {
          "line": 63,
          "column": 29
        }
      },
      "19": {
        "start": {
          "line": 63,
          "column": 22
        },
        "end": {
          "line": 63,
          "column": 29
        }
      },
      "20": {
        "start": {
          "line": 64,
          "column": 30
        },
        "end": {
          "line": 64,
          "column": 113
        }
      },
      "21": {
        "start": {
          "line": 65,
          "column": 4
        },
        "end": {
          "line": 65,
          "column": 73
        }
      },
      "22": {
        "start": {
          "line": 65,
          "column": 27
        },
        "end": {
          "line": 65,
          "column": 73
        }
      }
    },
    "fnMap": {
      "0": {
        "name": "(anonymous_0)",
        "decl": {
          "start": {
            "line": 14,
            "column": 15
          },
          "end": {
            "line": 14,
            "column": 16
          }
        },
        "loc": {
          "start": {
            "line": 14,
            "column": 19
          },
          "end": {
            "line": 51,
            "column": 1
          }
        },
        "line": 14
      },
      "1": {
        "name": "(anonymous_1)",
        "decl": {
          "start": {
            "line": 19,
            "column": 27
          },
          "end": {
            "line": 19,
            "column": 28
          }
        },
        "loc": {
          "start": {
            "line": 19,
            "column": 44
          },
          "end": {
            "line": 19,
            "column": 88
          }
        },
        "line": 19
      },
      "2": {
        "name": "(anonymous_2)",
        "decl": {
          "start": {
            "line": 28,
            "column": 27
          },
          "end": {
            "line": 28,
            "column": 28
          }
        },
        "loc": {
          "start": {
            "line": 28,
            "column": 44
          },
          "end": {
            "line": 28,
            "column": 88
          }
        },
        "line": 28
      },
      "3": {
        "name": "(anonymous_3)",
        "decl": {
          "start": {
            "line": 37,
            "column": 27
          },
          "end": {
            "line": 37,
            "column": 28
          }
        },
        "loc": {
          "start": {
            "line": 37,
            "column": 44
          },
          "end": {
            "line": 37,
            "column": 88
          }
        },
        "line": 37
      },
      "4": {
        "name": "(anonymous_4)",
        "decl": {
          "start": {
            "line": 60,
            "column": 48
          },
          "end": {
            "line": 60,
            "column": 49
          }
        },
        "loc": {
          "start": {
            "line": 60,
            "column": 68
          },
          "end": {
            "line": 67,
            "column": 1
          }
        },
        "line": 60
      },
      "5": {
        "name": "(anonymous_5)",
        "decl": {
          "start": {
            "line": 62,
            "column": 25
          },
          "end": {
            "line": 62,
            "column": 26
          }
        },
        "loc": {
          "start": {
            "line": 62,
            "column": 42
          },
          "end": {
            "line": 66,
            "column": 3
          }
        },
        "line": 62
      }
    },
    "branchMap": {
      "0": {
        "loc": {
          "start": {
            "line": 3,
            "column": 0
          },
          "end": {
            "line": 3,
            "column": 104
          }
        },
        "type": "if",
        "locations": [
          {
            "start": {
              "line": 3,
              "column": 0
            },
            "end": {
              "line": 3,
              "column": 104
            }
          },
          {
            "start": {},
            "end": {}
          }
        ],
        "line": 3
      },
      "1": {
        "loc": {
          "start": {
            "line": 19,
            "column": 44
          },
          "end": {
            "line": 19,
            "column": 88
          }
        },
        "type": "cond-expr",
        "locations": [
          {
            "start": {
              "line": 19,
              "column": 55
            },
            "end": {
              "line": 19,
              "column": 73
            }
          },
          {
            "start": {
              "line": 19,
              "column": 76
            },
            "end": {
              "line": 19,
              "column": 88
            }
          }
        ],
        "line": 19
      },
      "2": {
        "loc": {
          "start": {
            "line": 28,
            "column": 44
          },
          "end": {
            "line": 28,
            "column": 88
          }
        },
        "type": "cond-expr",
        "locations": [
          {
            "start": {
              "line": 28,
              "column": 55
            },
            "end": {
              "line": 28,
              "column": 73
            }
          },
          {
            "start": {
              "line": 28,
              "column": 76
            },
            "end": {
              "line": 28,
              "column": 88
            }
          }
        ],
        "line": 28
      },
      "3": {
        "loc": {
          "start": {
            "line": 37,
            "column": 44
          },
          "end": {
            "line": 37,
            "column": 88
          }
        },
        "type": "cond-expr",
        "locations": [
          {
            "start": {
              "line": 37,
              "column": 55
            },
            "end": {
              "line": 37,
              "column": 73
            }
          },
          {
            "start": {
              "line": 37,
              "column": 76
            },
            "end": {
              "line": 37,
              "column": 88
            }
          }
        ],
        "line": 37
      },
      "4": {
        "loc": {
          "start": {
            "line": 63,
            "column": 4
          },
          "end": {
            "line": 63,
            "column": 29
          }
        },
        "type": "if",
        "locations": [
          {
            "start": {
              "line": 63,
              "column": 4
            },
            "end": {
              "line": 63,
              "column": 29
            }
          },
          {
            "start": {},
            "end": {}
          }
        ],
        "line": 63
      },
      "5": {
        "loc": {
          "start": {
            "line": 65,
            "column": 4
          },
          "end": {
            "line": 65,
            "column": 73
          }
        },
        "type": "if",
        "locations": [
          {
            "start": {
              "line": 65,
              "column": 4
            },
            "end": {
              "line": 65,
              "column": 73
            }
          },
          {
            "start": {},
            "end": {}
          }
        ],
        "line": 65
      }
    },
    "s": {
      "0": 6,
      "1": 0,
      "2": 6,
      "3": 6,
      "4": 6,
      "5": 6,
      "6": 6,
      "7": 6,
      "8": 6,
      "9": 6,
      "10": 6,
      "11": 6,
      "12": 6,
      "13": 6,
      "14": 6,
      "15": 6,
      "16": 6,
      "17": 6,
      "18": 0,
      "19": 0,
      "20": 0,
      "21": 0,
      "22": 0
    },
    "f": {
      "0": 6,
      "1": 6,
      "2": 6,
      "3": 6,
      "4": 6,
      "5": 0
    },
    "b": {
      "0": [
        0,
        6
      ],
      "1": [
        6,
        0
      ],
      "2": [
        0,
        6
      ],
      "3": [
        0,
        6
      ],
      "4": [
        0,
        0
      ],
      "5": [
        0,
        0
      ]
    },
    "inputSourceMap": {
      "version": 3,
      "sources": [
        "D:/WEB/rolling-school/react js/rs-react-dubovik/src/components/UI/navbar/Navbar.tsx"
      ],
      "names": [
        "React",
        "NavLink",
        "ROUTES",
        "classes",
        "Navbar",
        "nav",
        "className",
        "isActive",
        "ActiveLink",
        "Link",
        "to",
        "main",
        "form",
        "about"
      ],
      "mappings": ";;;;;;;;;AAAA,OAAOA,WAAW,QAAQ;AAC1B,SAASC,OAAO,QAAQ,mBAAmB;AAC3C,SAASC,MAAM,QAAQ,gCAAgC;AACvD,OAAOC,aAAa,sBAAsB;AAE1C,MAAMC,SAAS,IAAmB;IAChC,qBACE,QAACC;QAAIC,WAAWH,QAAQC,MAAM;;0BAC5B,QAACH;gBACCK,WAAW,CAAC,EAAEC,SAAQ,EAAE,GAAMA,WAAWJ,QAAQK,UAAU,GAAGL,QAAQM,IAAI;gBAC1EC,IAAIR,OAAOS,IAAI;0BAChB;;;;;;0BAGD,QAACV;gBACCK,WAAW,CAAC,EAAEC,SAAQ,EAAE,GAAMA,WAAWJ,QAAQK,UAAU,GAAGL,QAAQM,IAAI;gBAC1EC,IAAIR,OAAOU,IAAI;0BAChB;;;;;;0BAGD,QAACX;gBACCK,WAAW,CAAC,EAAEC,SAAQ,EAAE,GAAMA,WAAWJ,QAAQK,UAAU,GAAGL,QAAQM,IAAI;gBAC1EC,IAAIR,OAAOW,KAAK;0BACjB;;;;;;;;;;;;AAKP;KAvBMT;AAyBN,eAAeA,OAAO"
    },
    "_coverageSchema": "1a1c01bbd47fc00a2c39e90264f33305004495a9",
    "hash": "e913fc5daeb2f8a3b6db588e9270501e886aa6f3"
  },
  "D:/WEB/rolling-school/react js/rs-react-dubovik/src/modules/header/Header.tsx": {
    "path": "D:/WEB/rolling-school/react js/rs-react-dubovik/src/modules/header/Header.tsx",
    "statementMap": {
      "0": {
        "start": {
          "line": 7,
          "column": 8
        },
        "end": {
          "line": 42,
          "column": 17
        }
      }
    },
    "fnMap": {
      "0": {
        "name": "(anonymous_0)",
        "decl": {
          "start": {
            "line": 6,
            "column": 4
          },
          "end": {
            "line": 6,
            "column": 5
          }
        },
        "loc": {
          "start": {
            "line": 6,
            "column": 13
          },
          "end": {
            "line": 43,
            "column": 5
          }
        },
        "line": 6
      }
    },
    "branchMap": {},
    "s": {
      "0": 6
    },
    "f": {
      "0": 6
    },
    "b": {},
    "inputSourceMap": {
      "version": 3,
      "sources": [
        "D:/WEB/rolling-school/react js/rs-react-dubovik/src/modules/header/Header.tsx"
      ],
      "names": [
        "React",
        "Component",
        "Navbar",
        "classes",
        "Header",
        "render",
        "header",
        "className",
        "div",
        "Header__container",
        "Logo",
        "Menu"
      ],
      "mappings": ";AAAA,OAAOA,SAASC,SAAS,QAAQ,QAAQ;AACzC,OAAOC,YAAY,oCAAoC;AACvD,OAAOC,aAAa,sBAAsB;AAE1C,MAAMC,eAAeH;IACnBI,SAAS;QACP,qBACE,QAACC;YAAOC,WAAWJ,QAAQC,MAAM;sBAC/B,cAAA,QAACI;gBAAID,WAAWJ,QAAQM,iBAAiB;;kCACvC,QAACD;wBAAID,WAAWJ,QAAQO,IAAI;kCAAE;;;;;;kCAC9B,QAACF;wBAAID,WAAWJ,QAAQQ,IAAI;kCAC1B,cAAA,QAACT;;;;;;;;;;;;;;;;;;;;;IAKX;AACF;AACA,eAAeE,OAAO"
    },
    "_coverageSchema": "1a1c01bbd47fc00a2c39e90264f33305004495a9",
    "hash": "c5f48f00f84041a77172ede956ab5d45df807615"
  },
  "D:/WEB/rolling-school/react js/rs-react-dubovik/src/pages/AboutPage.tsx": {
    "path": "D:/WEB/rolling-school/react js/rs-react-dubovik/src/pages/AboutPage.tsx",
    "statementMap": {
      "0": {
        "start": {
          "line": 3,
          "column": 0
        },
        "end": {
          "line": 3,
          "column": 104
        }
      },
      "1": {
        "start": {
          "line": 3,
          "column": 26
        },
        "end": {
          "line": 3,
          "column": 104
        }
      },
      "2": {
        "start": {
          "line": 4,
          "column": 23
        },
        "end": {
          "line": 4,
          "column": 42
        }
      },
      "3": {
        "start": {
          "line": 5,
          "column": 23
        },
        "end": {
          "line": 5,
          "column": 42
        }
      },
      "4": {
        "start": {
          "line": 6,
          "column": 0
        },
        "end": {
          "line": 6,
          "column": 126
        }
      },
      "5": {
        "start": {
          "line": 7,
          "column": 0
        },
        "end": {
          "line": 7,
          "column": 73
        }
      },
      "6": {
        "start": {
          "line": 11,
          "column": 18
        },
        "end": {
          "line": 30,
          "column": 1
        }
      },
      "7": {
        "start": {
          "line": 12,
          "column": 4
        },
        "end": {
          "line": 29,
          "column": 21
        }
      },
      "8": {
        "start": {
          "line": 31,
          "column": 0
        },
        "end": {
          "line": 31,
          "column": 15
        }
      },
      "9": {
        "start": {
          "line": 34,
          "column": 0
        },
        "end": {
          "line": 34,
          "column": 30
        }
      },
      "10": {
        "start": {
          "line": 37,
          "column": 0
        },
        "end": {
          "line": 37,
          "column": 37
        }
      },
      "11": {
        "start": {
          "line": 38,
          "column": 0
        },
        "end": {
          "line": 38,
          "column": 37
        }
      },
      "12": {
        "start": {
          "line": 39,
          "column": 0
        },
        "end": {
          "line": 46,
          "column": 3
        }
      },
      "13": {
        "start": {
          "line": 40,
          "column": 2
        },
        "end": {
          "line": 40,
          "column": 139
        }
      },
      "14": {
        "start": {
          "line": 41,
          "column": 2
        },
        "end": {
          "line": 45,
          "column": 5
        }
      },
      "15": {
        "start": {
          "line": 42,
          "column": 4
        },
        "end": {
          "line": 42,
          "column": 29
        }
      },
      "16": {
        "start": {
          "line": 42,
          "column": 22
        },
        "end": {
          "line": 42,
          "column": 29
        }
      },
      "17": {
        "start": {
          "line": 43,
          "column": 30
        },
        "end": {
          "line": 43,
          "column": 113
        }
      },
      "18": {
        "start": {
          "line": 44,
          "column": 4
        },
        "end": {
          "line": 44,
          "column": 73
        }
      },
      "19": {
        "start": {
          "line": 44,
          "column": 27
        },
        "end": {
          "line": 44,
          "column": 73
        }
      }
    },
    "fnMap": {
      "0": {
        "name": "(anonymous_0)",
        "decl": {
          "start": {
            "line": 11,
            "column": 18
          },
          "end": {
            "line": 11,
            "column": 19
          }
        },
        "loc": {
          "start": {
            "line": 11,
            "column": 22
          },
          "end": {
            "line": 30,
            "column": 1
          }
        },
        "line": 11
      },
      "1": {
        "name": "(anonymous_1)",
        "decl": {
          "start": {
            "line": 39,
            "column": 48
          },
          "end": {
            "line": 39,
            "column": 49
          }
        },
        "loc": {
          "start": {
            "line": 39,
            "column": 68
          },
          "end": {
            "line": 46,
            "column": 1
          }
        },
        "line": 39
      },
      "2": {
        "name": "(anonymous_2)",
        "decl": {
          "start": {
            "line": 41,
            "column": 25
          },
          "end": {
            "line": 41,
            "column": 26
          }
        },
        "loc": {
          "start": {
            "line": 41,
            "column": 42
          },
          "end": {
            "line": 45,
            "column": 3
          }
        },
        "line": 41
      }
    },
    "branchMap": {
      "0": {
        "loc": {
          "start": {
            "line": 3,
            "column": 0
          },
          "end": {
            "line": 3,
            "column": 104
          }
        },
        "type": "if",
        "locations": [
          {
            "start": {
              "line": 3,
              "column": 0
            },
            "end": {
              "line": 3,
              "column": 104
            }
          },
          {
            "start": {},
            "end": {}
          }
        ],
        "line": 3
      },
      "1": {
        "loc": {
          "start": {
            "line": 42,
            "column": 4
          },
          "end": {
            "line": 42,
            "column": 29
          }
        },
        "type": "if",
        "locations": [
          {
            "start": {
              "line": 42,
              "column": 4
            },
            "end": {
              "line": 42,
              "column": 29
            }
          },
          {
            "start": {},
            "end": {}
          }
        ],
        "line": 42
      },
      "2": {
        "loc": {
          "start": {
            "line": 44,
            "column": 4
          },
          "end": {
            "line": 44,
            "column": 73
          }
        },
        "type": "if",
        "locations": [
          {
            "start": {
              "line": 44,
              "column": 4
            },
            "end": {
              "line": 44,
              "column": 73
            }
          },
          {
            "start": {},
            "end": {}
          }
        ],
        "line": 44
      }
    },
    "s": {
      "0": 6,
      "1": 0,
      "2": 6,
      "3": 6,
      "4": 6,
      "5": 6,
      "6": 6,
      "7": 0,
      "8": 6,
      "9": 6,
      "10": 6,
      "11": 6,
      "12": 6,
      "13": 6,
      "14": 6,
      "15": 0,
      "16": 0,
      "17": 0,
      "18": 0,
      "19": 0
    },
    "f": {
      "0": 0,
      "1": 6,
      "2": 0
    },
    "b": {
      "0": [
        0,
        6
      ],
      "1": [
        0,
        0
      ],
      "2": [
        0,
        0
      ]
    },
    "inputSourceMap": {
      "version": 3,
      "sources": [
        "D:/WEB/rolling-school/react js/rs-react-dubovik/src/pages/AboutPage.tsx"
      ],
      "names": [
        "React",
        "AboutPage",
        "p"
      ],
      "mappings": ";;;;;;;;;AAAA,OAAOA,WAAmB,QAAQ;AAElC,MAAMC,YAAgB,IAAM;IAC1B,qBACE;;0BACE,QAACC;0BAAE;;;;;;0BACH,QAACA;0BAAE;;;;;;;;AAWT;KAfMD;AAiBN,eAAeA,UAAU"
    },
    "_coverageSchema": "1a1c01bbd47fc00a2c39e90264f33305004495a9",
    "hash": "6b4c6d3b850924fea6cdd8993f136644361bacfe"
  },
  "D:/WEB/rolling-school/react js/rs-react-dubovik/src/app/hooks/hooks.ts": {
    "path": "D:/WEB/rolling-school/react js/rs-react-dubovik/src/app/hooks/hooks.ts",
    "statementMap": {
      "0": {
        "start": {
          "line": 2,
          "column": 30
        },
        "end": {
          "line": 2,
          "column": 47
        }
      },
      "1": {
        "start": {
          "line": 2,
          "column": 34
        },
        "end": {
          "line": 2,
          "column": 47
        }
      },
      "2": {
        "start": {
          "line": 3,
          "column": 30
        },
        "end": {
          "line": 3,
          "column": 41
        }
      }
    },
    "fnMap": {
      "0": {
        "name": "(anonymous_0)",
        "decl": {
          "start": {
            "line": 2,
            "column": 30
          },
          "end": {
            "line": 2,
            "column": 31
          }
        },
        "loc": {
          "start": {
            "line": 2,
            "column": 34
          },
          "end": {
            "line": 2,
            "column": 47
          }
        },
        "line": 2
      }
    },
    "branchMap": {},
    "s": {
      "0": 6,
      "1": 6,
      "2": 6
    },
    "f": {
      "0": 6
    },
    "b": {},
    "inputSourceMap": {
      "version": 3,
      "sources": [
        "D:/WEB/rolling-school/react js/rs-react-dubovik/src/app/hooks/hooks.ts"
      ],
      "names": [
        "useDispatch",
        "useSelector",
        "useAppDispatch",
        "useAppSelector"
      ],
      "mappings": "AAAA,SAA+BA,WAAW,EAAEC,WAAW,QAAQ,cAAc;AAG7E,OAAO,MAAMC,iBAAiB,IAAMF,cAA2B;AAC/D,OAAO,MAAMG,iBAAkDF,YAAY"
    },
    "_coverageSchema": "1a1c01bbd47fc00a2c39e90264f33305004495a9",
    "hash": "bad4a1cd333689d0a2206d1135b2404600cbbc96"
  },
  "D:/WEB/rolling-school/react js/rs-react-dubovik/src/modules/UserList/UserItem/UserItem.tsx": {
    "path": "D:/WEB/rolling-school/react js/rs-react-dubovik/src/modules/UserList/UserItem/UserItem.tsx",
    "statementMap": {
      "0": {
        "start": {
          "line": 3,
          "column": 0
        },
        "end": {
          "line": 3,
          "column": 104
        }
      },
      "1": {
        "start": {
          "line": 3,
          "column": 26
        },
        "end": {
          "line": 3,
          "column": 104
        }
      },
      "2": {
        "start": {
          "line": 4,
          "column": 23
        },
        "end": {
          "line": 4,
          "column": 42
        }
      },
      "3": {
        "start": {
          "line": 5,
          "column": 23
        },
        "end": {
          "line": 5,
          "column": 42
        }
      },
      "4": {
        "start": {
          "line": 6,
          "column": 0
        },
        "end": {
          "line": 6,
          "column": 145
        }
      },
      "5": {
        "start": {
          "line": 7,
          "column": 0
        },
        "end": {
          "line": 7,
          "column": 73
        }
      },
      "6": {
        "start": {
          "line": 12,
          "column": 17
        },
        "end": {
          "line": 89,
          "column": 1
        }
      },
      "7": {
        "start": {
          "line": 13,
          "column": 4
        },
        "end": {
          "line": 88,
          "column": 13
        }
      },
      "8": {
        "start": {
          "line": 90,
          "column": 0
        },
        "end": {
          "line": 90,
          "column": 14
        }
      },
      "9": {
        "start": {
          "line": 93,
          "column": 0
        },
        "end": {
          "line": 93,
          "column": 29
        }
      },
      "10": {
        "start": {
          "line": 96,
          "column": 0
        },
        "end": {
          "line": 96,
          "column": 37
        }
      },
      "11": {
        "start": {
          "line": 97,
          "column": 0
        },
        "end": {
          "line": 97,
          "column": 37
        }
      },
      "12": {
        "start": {
          "line": 98,
          "column": 0
        },
        "end": {
          "line": 105,
          "column": 3
        }
      },
      "13": {
        "start": {
          "line": 99,
          "column": 2
        },
        "end": {
          "line": 99,
          "column": 158
        }
      },
      "14": {
        "start": {
          "line": 100,
          "column": 2
        },
        "end": {
          "line": 104,
          "column": 5
        }
      },
      "15": {
        "start": {
          "line": 101,
          "column": 4
        },
        "end": {
          "line": 101,
          "column": 29
        }
      },
      "16": {
        "start": {
          "line": 101,
          "column": 22
        },
        "end": {
          "line": 101,
          "column": 29
        }
      },
      "17": {
        "start": {
          "line": 102,
          "column": 30
        },
        "end": {
          "line": 102,
          "column": 113
        }
      },
      "18": {
        "start": {
          "line": 103,
          "column": 4
        },
        "end": {
          "line": 103,
          "column": 73
        }
      },
      "19": {
        "start": {
          "line": 103,
          "column": 27
        },
        "end": {
          "line": 103,
          "column": 73
        }
      }
    },
    "fnMap": {
      "0": {
        "name": "(anonymous_0)",
        "decl": {
          "start": {
            "line": 12,
            "column": 17
          },
          "end": {
            "line": 12,
            "column": 18
          }
        },
        "loc": {
          "start": {
            "line": 12,
            "column": 30
          },
          "end": {
            "line": 89,
            "column": 1
          }
        },
        "line": 12
      },
      "1": {
        "name": "(anonymous_1)",
        "decl": {
          "start": {
            "line": 98,
            "column": 48
          },
          "end": {
            "line": 98,
            "column": 49
          }
        },
        "loc": {
          "start": {
            "line": 98,
            "column": 68
          },
          "end": {
            "line": 105,
            "column": 1
          }
        },
        "line": 98
      },
      "2": {
        "name": "(anonymous_2)",
        "decl": {
          "start": {
            "line": 100,
            "column": 25
          },
          "end": {
            "line": 100,
            "column": 26
          }
        },
        "loc": {
          "start": {
            "line": 100,
            "column": 42
          },
          "end": {
            "line": 104,
            "column": 3
          }
        },
        "line": 100
      }
    },
    "branchMap": {
      "0": {
        "loc": {
          "start": {
            "line": 3,
            "column": 0
          },
          "end": {
            "line": 3,
            "column": 104
          }
        },
        "type": "if",
        "locations": [
          {
            "start": {
              "line": 3,
              "column": 0
            },
            "end": {
              "line": 3,
              "column": 104
            }
          },
          {
            "start": {},
            "end": {}
          }
        ],
        "line": 3
      },
      "1": {
        "loc": {
          "start": {
            "line": 101,
            "column": 4
          },
          "end": {
            "line": 101,
            "column": 29
          }
        },
        "type": "if",
        "locations": [
          {
            "start": {
              "line": 101,
              "column": 4
            },
            "end": {
              "line": 101,
              "column": 29
            }
          },
          {
            "start": {},
            "end": {}
          }
        ],
        "line": 101
      },
      "2": {
        "loc": {
          "start": {
            "line": 103,
            "column": 4
          },
          "end": {
            "line": 103,
            "column": 73
          }
        },
        "type": "if",
        "locations": [
          {
            "start": {
              "line": 103,
              "column": 4
            },
            "end": {
              "line": 103,
              "column": 73
            }
          },
          {
            "start": {},
            "end": {}
          }
        ],
        "line": 103
      }
    },
    "s": {
      "0": 6,
      "1": 0,
      "2": 6,
      "3": 6,
      "4": 6,
      "5": 6,
      "6": 6,
      "7": 0,
      "8": 6,
      "9": 6,
      "10": 6,
      "11": 6,
      "12": 6,
      "13": 6,
      "14": 6,
      "15": 0,
      "16": 0,
      "17": 0,
      "18": 0,
      "19": 0
    },
    "f": {
      "0": 0,
      "1": 6,
      "2": 0
    },
    "b": {
      "0": [
        0,
        6
      ],
      "1": [
        0,
        0
      ],
      "2": [
        0,
        0
      ]
    },
    "inputSourceMap": {
      "version": 3,
      "sources": [
        "D:/WEB/rolling-school/react js/rs-react-dubovik/src/modules/UserList/UserItem/UserItem.tsx"
      ],
      "names": [
        "React",
        "classes",
        "UserItem",
        "user",
        "li",
        "data-testid",
        "className",
        "h3",
        "name",
        "div",
        "AvatarBox",
        "img",
        "Avatar",
        "src",
        "avatar",
        "alt",
        "p",
        "country",
        "birthday",
        "gender",
        "agreement"
      ],
      "mappings": ";;;;;;;;;AAAA,OAAOA,WAAmB,QAAQ;AAElC,OAAOC,aAAa,wBAAwB;AAM5C,MAAMC,WAA0B,CAAC,EAAEC,KAAI,EAAE,GAAK;IAC5C,qBACE,QAACC;QAAGC,eAAY;QAAYC,WAAWL,QAAQC,QAAQ;;0BACrD,QAACK;;oBAAG;oBAAYJ,KAAKK,IAAI;;;;;;;0BACzB,QAACC;gBAAIH,WAAWL,QAAQS,SAAS;0BAC/B,cAAA,QAACC;oBAAIL,WAAWL,QAAQW,MAAM;oBAAEC,KAAKV,KAAKW,MAAM;oBAAEC,KAAI;;;;;;;;;;;0BAExD,QAACC;;oBAAE;oBAAUb,KAAKc,OAAO;;;;;;;0BACzB,QAACD;;oBAAE;oBAAWb,KAAKe,QAAQ,GAAG;;;;;;;0BAC9B,QAACF;;oBAAE;oBAASb,KAAKgB,MAAM;;;;;;;0BACvB,QAACH;;oBAAE;oBAAoCb,KAAKiB,SAAS,GAAG;;;;;;;;;;;;;AAG9D;KAbMlB;AAeN,eAAeA,SAAS"
    },
    "_coverageSchema": "1a1c01bbd47fc00a2c39e90264f33305004495a9",
    "hash": "45bb868b88c0d1a4954734dd3b2b0f620cd89528"
  },
  "D:/WEB/rolling-school/react js/rs-react-dubovik/src/modules/UserList/usersSlice.ts": {
    "path": "D:/WEB/rolling-school/react js/rs-react-dubovik/src/modules/UserList/usersSlice.ts",
    "statementMap": {
      "0": {
        "start": {
          "line": 2,
          "column": 21
        },
        "end": {
          "line": 4,
          "column": 1
        }
      },
      "1": {
        "start": {
          "line": 5,
          "column": 26
        },
        "end": {
          "line": 16,
          "column": 2
        }
      },
      "2": {
        "start": {
          "line": 10,
          "column": 12
        },
        "end": {
          "line": 13,
          "column": 14
        }
      },
      "3": {
        "start": {
          "line": 17,
          "column": 28
        },
        "end": {
          "line": 17,
          "column": 46
        }
      },
      "4": {
        "start": {
          "line": 18,
          "column": 27
        },
        "end": {
          "line": 18,
          "column": 52
        }
      },
      "5": {
        "start": {
          "line": 18,
          "column": 36
        },
        "end": {
          "line": 18,
          "column": 52
        }
      }
    },
    "fnMap": {
      "0": {
        "name": "(anonymous_0)",
        "decl": {
          "start": {
            "line": 9,
            "column": 17
          },
          "end": {
            "line": 9,
            "column": 18
          }
        },
        "loc": {
          "start": {
            "line": 9,
            "column": 34
          },
          "end": {
            "line": 14,
            "column": 9
          }
        },
        "line": 9
      },
      "1": {
        "name": "(anonymous_1)",
        "decl": {
          "start": {
            "line": 18,
            "column": 27
          },
          "end": {
            "line": 18,
            "column": 28
          }
        },
        "loc": {
          "start": {
            "line": 18,
            "column": 36
          },
          "end": {
            "line": 18,
            "column": 52
          }
        },
        "line": 18
      }
    },
    "branchMap": {},
    "s": {
      "0": 6,
      "1": 6,
      "2": 0,
      "3": 6,
      "4": 6,
      "5": 0
    },
    "f": {
      "0": 0,
      "1": 0
    },
    "b": {},
    "inputSourceMap": {
      "version": 3,
      "sources": [
        "D:/WEB/rolling-school/react js/rs-react-dubovik/src/modules/UserList/usersSlice.ts"
      ],
      "names": [
        "createSlice",
        "initialState",
        "data",
        "usersSlice",
        "name",
        "reducers",
        "setUser",
        "state",
        "action",
        "payload",
        "actions",
        "selectUsers",
        "users",
        "reducer"
      ],
      "mappings": "AAAA,SAASA,WAAW,QAAuB,mBAAmB;AAY9D,MAAMC,eAAe;IACnBC,MAAM,EAAE;AACV;AAEA,OAAO,MAAMC,aAAaH,YAAY;IACpCI,MAAM;IACNH;IAEAI,UAAU;QACRC,SAAS,CAACC,OAAOC,SAAoC;YACnDD,MAAML,IAAI,GAAG;mBAAIK,MAAML,IAAI;gBAAEM,OAAOC,OAAO;aAAC;QAC9C;IACF;AACF,GAAG;AAEH,OAAO,MAAM,EAAEH,QAAO,EAAE,GAAGH,WAAWO,OAAO,CAAC;AAC9C,OAAO,MAAMC,cAAc,CAACJ,QAAqBA,MAAMK,KAAK,CAACV,IAAI,CAAC;AAClE,eAAeC,WAAWU,OAAO,CAAC"
    },
    "_coverageSchema": "1a1c01bbd47fc00a2c39e90264f33305004495a9",
    "hash": "e7888eb063f1a020d65f61c0d14ccc7bf39ec18e"
  },
  "D:/WEB/rolling-school/react js/rs-react-dubovik/src/modules/UserList/UserList.tsx": {
    "path": "D:/WEB/rolling-school/react js/rs-react-dubovik/src/modules/UserList/UserList.tsx",
    "statementMap": {
      "0": {
        "start": {
          "line": 3,
          "column": 0
        },
        "end": {
          "line": 3,
          "column": 104
        }
      },
      "1": {
        "start": {
          "line": 3,
          "column": 26
        },
        "end": {
          "line": 3,
          "column": 104
        }
      },
      "2": {
        "start": {
          "line": 4,
          "column": 23
        },
        "end": {
          "line": 4,
          "column": 42
        }
      },
      "3": {
        "start": {
          "line": 5,
          "column": 23
        },
        "end": {
          "line": 5,
          "column": 42
        }
      },
      "4": {
        "start": {
          "line": 6,
          "column": 0
        },
        "end": {
          "line": 6,
          "column": 136
        }
      },
      "5": {
        "start": {
          "line": 7,
          "column": 0
        },
        "end": {
          "line": 7,
          "column": 73
        }
      },
      "6": {
        "start": {
          "line": 10,
          "column": 9
        },
        "end": {
          "line": 10,
          "column": 23
        }
      },
      "7": {
        "start": {
          "line": 16,
          "column": 17
        },
        "end": {
          "line": 33,
          "column": 1
        }
      },
      "8": {
        "start": {
          "line": 17,
          "column": 4
        },
        "end": {
          "line": 17,
          "column": 9
        }
      },
      "9": {
        "start": {
          "line": 18,
          "column": 18
        },
        "end": {
          "line": 18,
          "column": 45
        }
      },
      "10": {
        "start": {
          "line": 19,
          "column": 4
        },
        "end": {
          "line": 32,
          "column": 13
        }
      },
      "11": {
        "start": {
          "line": 21,
          "column": 51
        },
        "end": {
          "line": 27,
          "column": 20
        }
      },
      "12": {
        "start": {
          "line": 34,
          "column": 0
        },
        "end": {
          "line": 38,
          "column": 3
        }
      },
      "13": {
        "start": {
          "line": 35,
          "column": 4
        },
        "end": {
          "line": 37,
          "column": 6
        }
      },
      "14": {
        "start": {
          "line": 39,
          "column": 0
        },
        "end": {
          "line": 39,
          "column": 14
        }
      },
      "15": {
        "start": {
          "line": 42,
          "column": 0
        },
        "end": {
          "line": 42,
          "column": 29
        }
      },
      "16": {
        "start": {
          "line": 45,
          "column": 0
        },
        "end": {
          "line": 45,
          "column": 37
        }
      },
      "17": {
        "start": {
          "line": 46,
          "column": 0
        },
        "end": {
          "line": 46,
          "column": 37
        }
      },
      "18": {
        "start": {
          "line": 47,
          "column": 0
        },
        "end": {
          "line": 54,
          "column": 3
        }
      },
      "19": {
        "start": {
          "line": 48,
          "column": 2
        },
        "end": {
          "line": 48,
          "column": 149
        }
      },
      "20": {
        "start": {
          "line": 49,
          "column": 2
        },
        "end": {
          "line": 53,
          "column": 5
        }
      },
      "21": {
        "start": {
          "line": 50,
          "column": 4
        },
        "end": {
          "line": 50,
          "column": 29
        }
      },
      "22": {
        "start": {
          "line": 50,
          "column": 22
        },
        "end": {
          "line": 50,
          "column": 29
        }
      },
      "23": {
        "start": {
          "line": 51,
          "column": 30
        },
        "end": {
          "line": 51,
          "column": 113
        }
      },
      "24": {
        "start": {
          "line": 52,
          "column": 4
        },
        "end": {
          "line": 52,
          "column": 73
        }
      },
      "25": {
        "start": {
          "line": 52,
          "column": 27
        },
        "end": {
          "line": 52,
          "column": 73
        }
      }
    },
    "fnMap": {
      "0": {
        "name": "(anonymous_0)",
        "decl": {
          "start": {
            "line": 16,
            "column": 17
          },
          "end": {
            "line": 16,
            "column": 18
          }
        },
        "loc": {
          "start": {
            "line": 16,
            "column": 21
          },
          "end": {
            "line": 33,
            "column": 1
          }
        },
        "line": 16
      },
      "1": {
        "name": "(anonymous_1)",
        "decl": {
          "start": {
            "line": 21,
            "column": 29
          },
          "end": {
            "line": 21,
            "column": 30
          }
        },
        "loc": {
          "start": {
            "line": 21,
            "column": 51
          },
          "end": {
            "line": 27,
            "column": 20
          }
        },
        "line": 21
      },
      "2": {
        "name": "(anonymous_2)",
        "decl": {
          "start": {
            "line": 34,
            "column": 52
          },
          "end": {
            "line": 34,
            "column": 53
          }
        },
        "loc": {
          "start": {
            "line": 34,
            "column": 63
          },
          "end": {
            "line": 38,
            "column": 1
          }
        },
        "line": 34
      },
      "3": {
        "name": "(anonymous_3)",
        "decl": {
          "start": {
            "line": 47,
            "column": 48
          },
          "end": {
            "line": 47,
            "column": 49
          }
        },
        "loc": {
          "start": {
            "line": 47,
            "column": 68
          },
          "end": {
            "line": 54,
            "column": 1
          }
        },
        "line": 47
      },
      "4": {
        "name": "(anonymous_4)",
        "decl": {
          "start": {
            "line": 49,
            "column": 25
          },
          "end": {
            "line": 49,
            "column": 26
          }
        },
        "loc": {
          "start": {
            "line": 49,
            "column": 42
          },
          "end": {
            "line": 53,
            "column": 3
          }
        },
        "line": 49
      }
    },
    "branchMap": {
      "0": {
        "loc": {
          "start": {
            "line": 3,
            "column": 0
          },
          "end": {
            "line": 3,
            "column": 104
          }
        },
        "type": "if",
        "locations": [
          {
            "start": {
              "line": 3,
              "column": 0
            },
            "end": {
              "line": 3,
              "column": 104
            }
          },
          {
            "start": {},
            "end": {}
          }
        ],
        "line": 3
      },
      "1": {
        "loc": {
          "start": {
            "line": 50,
            "column": 4
          },
          "end": {
            "line": 50,
            "column": 29
          }
        },
        "type": "if",
        "locations": [
          {
            "start": {
              "line": 50,
              "column": 4
            },
            "end": {
              "line": 50,
              "column": 29
            }
          },
          {
            "start": {},
            "end": {}
          }
        ],
        "line": 50
      },
      "2": {
        "loc": {
          "start": {
            "line": 52,
            "column": 4
          },
          "end": {
            "line": 52,
            "column": 73
          }
        },
        "type": "if",
        "locations": [
          {
            "start": {
              "line": 52,
              "column": 4
            },
            "end": {
              "line": 52,
              "column": 73
            }
          },
          {
            "start": {},
            "end": {}
          }
        ],
        "line": 52
      }
    },
    "s": {
      "0": 6,
      "1": 0,
      "2": 6,
      "3": 6,
      "4": 6,
      "5": 6,
      "6": 6,
      "7": 6,
      "8": 0,
      "9": 0,
      "10": 0,
      "11": 0,
      "12": 6,
      "13": 0,
      "14": 6,
      "15": 6,
      "16": 6,
      "17": 6,
      "18": 6,
      "19": 6,
      "20": 6,
      "21": 0,
      "22": 0,
      "23": 0,
      "24": 0,
      "25": 0
    },
    "f": {
      "0": 0,
      "1": 0,
      "2": 0,
      "3": 6,
      "4": 0
    },
    "b": {
      "0": [
        0,
        6
      ],
      "1": [
        0,
        0
      ],
      "2": [
        0,
        0
      ]
    },
    "inputSourceMap": {
      "version": 3,
      "sources": [
        "D:/WEB/rolling-school/react js/rs-react-dubovik/src/modules/UserList/UserList.tsx"
      ],
      "names": [
        "React",
        "useAppSelector",
        "UserItem",
        "classes",
        "selectUsers",
        "UserList",
        "users",
        "ul",
        "className",
        "UerList",
        "map",
        "user",
        "name"
      ],
      "mappings": ";;;;;;;;;;AAAA,OAAOA,WAAW,QAAQ;AAC1B,SAASC,cAAc,QAAQ,wBAAwB;AACvD,OAAOC,cAAc,sBAAsB;AAC3C,OAAOC,aAAa,wBAAwB;AAC5C,SAASC,WAAW,QAAQ,eAAe;AAE3C,MAAMC,WAAqB,IAAM;;IAC/B,MAAMC,QAAQL,eAAeG;IAE7B,qBACE,QAACG;QAAGC,WAAWL,QAAQM,OAAO;kBAC3BH,OAAOI,IAAI,CAACC,qBACX,QAACT;gBAAyBS,MAAMA;eAAjBA,KAAKC,IAAI;;;;;;;;;;AAIhC;GAVMP;;QACUJ;;;KADVI;AAYN,eAAeA,SAAS"
    },
    "_coverageSchema": "1a1c01bbd47fc00a2c39e90264f33305004495a9",
    "hash": "09ee0a4e15a6c6cb1f01af62672910358add20da"
  },
  "D:/WEB/rolling-school/react js/rs-react-dubovik/src/components/CustomRadio/CustomRadio.tsx": {
    "path": "D:/WEB/rolling-school/react js/rs-react-dubovik/src/components/CustomRadio/CustomRadio.tsx",
    "statementMap": {
      "0": {
        "start": {
          "line": 3,
          "column": 0
        },
        "end": {
          "line": 3,
          "column": 104
        }
      },
      "1": {
        "start": {
          "line": 3,
          "column": 26
        },
        "end": {
          "line": 3,
          "column": 104
        }
      },
      "2": {
        "start": {
          "line": 4,
          "column": 23
        },
        "end": {
          "line": 4,
          "column": 42
        }
      },
      "3": {
        "start": {
          "line": 5,
          "column": 23
        },
        "end": {
          "line": 5,
          "column": 42
        }
      },
      "4": {
        "start": {
          "line": 6,
          "column": 0
        },
        "end": {
          "line": 6,
          "column": 145
        }
      },
      "5": {
        "start": {
          "line": 7,
          "column": 0
        },
        "end": {
          "line": 7,
          "column": 73
        }
      },
      "6": {
        "start": {
          "line": 12,
          "column": 20
        },
        "end": {
          "line": 77,
          "column": 1
        }
      },
      "7": {
        "start": {
          "line": 13,
          "column": 4
        },
        "end": {
          "line": 76,
          "column": 13
        }
      },
      "8": {
        "start": {
          "line": 78,
          "column": 0
        },
        "end": {
          "line": 78,
          "column": 17
        }
      },
      "9": {
        "start": {
          "line": 81,
          "column": 0
        },
        "end": {
          "line": 81,
          "column": 32
        }
      },
      "10": {
        "start": {
          "line": 84,
          "column": 0
        },
        "end": {
          "line": 84,
          "column": 37
        }
      },
      "11": {
        "start": {
          "line": 85,
          "column": 0
        },
        "end": {
          "line": 85,
          "column": 37
        }
      },
      "12": {
        "start": {
          "line": 86,
          "column": 0
        },
        "end": {
          "line": 93,
          "column": 3
        }
      },
      "13": {
        "start": {
          "line": 87,
          "column": 2
        },
        "end": {
          "line": 87,
          "column": 158
        }
      },
      "14": {
        "start": {
          "line": 88,
          "column": 2
        },
        "end": {
          "line": 92,
          "column": 5
        }
      },
      "15": {
        "start": {
          "line": 89,
          "column": 4
        },
        "end": {
          "line": 89,
          "column": 29
        }
      },
      "16": {
        "start": {
          "line": 89,
          "column": 22
        },
        "end": {
          "line": 89,
          "column": 29
        }
      },
      "17": {
        "start": {
          "line": 90,
          "column": 30
        },
        "end": {
          "line": 90,
          "column": 113
        }
      },
      "18": {
        "start": {
          "line": 91,
          "column": 4
        },
        "end": {
          "line": 91,
          "column": 73
        }
      },
      "19": {
        "start": {
          "line": 91,
          "column": 27
        },
        "end": {
          "line": 91,
          "column": 73
        }
      }
    },
    "fnMap": {
      "0": {
        "name": "(anonymous_0)",
        "decl": {
          "start": {
            "line": 12,
            "column": 20
          },
          "end": {
            "line": 12,
            "column": 21
          }
        },
        "loc": {
          "start": {
            "line": 12,
            "column": 45
          },
          "end": {
            "line": 77,
            "column": 1
          }
        },
        "line": 12
      },
      "1": {
        "name": "(anonymous_1)",
        "decl": {
          "start": {
            "line": 86,
            "column": 48
          },
          "end": {
            "line": 86,
            "column": 49
          }
        },
        "loc": {
          "start": {
            "line": 86,
            "column": 68
          },
          "end": {
            "line": 93,
            "column": 1
          }
        },
        "line": 86
      },
      "2": {
        "name": "(anonymous_2)",
        "decl": {
          "start": {
            "line": 88,
            "column": 25
          },
          "end": {
            "line": 88,
            "column": 26
          }
        },
        "loc": {
          "start": {
            "line": 88,
            "column": 42
          },
          "end": {
            "line": 92,
            "column": 3
          }
        },
        "line": 88
      }
    },
    "branchMap": {
      "0": {
        "loc": {
          "start": {
            "line": 3,
            "column": 0
          },
          "end": {
            "line": 3,
            "column": 104
          }
        },
        "type": "if",
        "locations": [
          {
            "start": {
              "line": 3,
              "column": 0
            },
            "end": {
              "line": 3,
              "column": 104
            }
          },
          {
            "start": {},
            "end": {}
          }
        ],
        "line": 3
      },
      "1": {
        "loc": {
          "start": {
            "line": 89,
            "column": 4
          },
          "end": {
            "line": 89,
            "column": 29
          }
        },
        "type": "if",
        "locations": [
          {
            "start": {
              "line": 89,
              "column": 4
            },
            "end": {
              "line": 89,
              "column": 29
            }
          },
          {
            "start": {},
            "end": {}
          }
        ],
        "line": 89
      },
      "2": {
        "loc": {
          "start": {
            "line": 91,
            "column": 4
          },
          "end": {
            "line": 91,
            "column": 73
          }
        },
        "type": "if",
        "locations": [
          {
            "start": {
              "line": 91,
              "column": 4
            },
            "end": {
              "line": 91,
              "column": 73
            }
          },
          {
            "start": {},
            "end": {}
          }
        ],
        "line": 91
      }
    },
    "s": {
      "0": 6,
      "1": 0,
      "2": 6,
      "3": 6,
      "4": 6,
      "5": 6,
      "6": 6,
      "7": 0,
      "8": 6,
      "9": 6,
      "10": 6,
      "11": 6,
      "12": 6,
      "13": 6,
      "14": 6,
      "15": 0,
      "16": 0,
      "17": 0,
      "18": 0,
      "19": 0
    },
    "f": {
      "0": 0,
      "1": 6,
      "2": 0
    },
    "b": {
      "0": [
        0,
        6
      ],
      "1": [
        0,
        0
      ],
      "2": [
        0,
        0
      ]
    },
    "inputSourceMap": {
      "version": 3,
      "sources": [
        "D:/WEB/rolling-school/react js/rs-react-dubovik/src/components/CustomRadio/CustomRadio.tsx"
      ],
      "names": [
        "React",
        "classes",
        "CustomRadio",
        "label",
        "register",
        "div",
        "className",
        "Label",
        "main",
        "htmlFor",
        "variant1",
        "input",
        "Radio",
        "id",
        "value",
        "type",
        "required",
        "variant2"
      ],
      "mappings": ";;;;;;;;;AAAA,OAAOA,WAAmB,QAAQ;AAGlC,OAAOC,aAAa,2BAA2B;AAW/C,MAAMC,cAA0B,CAAC,EAAEC,MAAK,EAAEC,SAAQ,EAAE,GAAK;IACvD,qBACE,QAACC;;0BACC,QAACF;gBAAMG,WAAWL,QAAQM,KAAK;;oBAAGJ,MAAMK,IAAI;oBAAC;;;;;;;0BAC7C,QAACL;gBAAMG,WAAWL,QAAQM,KAAK;gBAAEE,SAASN,MAAMO,QAAQ;;kCACtD,QAACC;wBACCL,WAAWL,QAAQW,KAAK;wBACxBC,IAAIV,MAAMO,QAAQ;wBAClBI,OAAOX,MAAMO,QAAQ;wBACrBK,MAAK;wBACJ,GAAGX,SAAS,UAAU;4BAAEY,UAAU;wBAAgB,EAAE;;;;;;oBAEtDb,MAAMO,QAAQ;;;;;;;0BAEjB,QAACP;gBAAMM,SAASN,MAAMc,QAAQ;;kCAC5B,QAACN;wBACCL,WAAWL,QAAQW,KAAK;wBACxBC,IAAIV,MAAMc,QAAQ;wBAClBH,OAAOX,MAAMc,QAAQ;wBACrBF,MAAK;wBACJ,GAAGX,SAAS,SAAS;;;;;;oBAEvBD,MAAMc,QAAQ;;;;;;;;;;;;;AAIvB;KA1BMf;AA4BN,eAAeA,YAAY"
    },
    "_coverageSchema": "1a1c01bbd47fc00a2c39e90264f33305004495a9",
    "hash": "a064799a7e1d5c232814e24d713997cd8e82d75f"
  },
  "D:/WEB/rolling-school/react js/rs-react-dubovik/src/components/CustomSelect/CustomSelect.tsx": {
    "path": "D:/WEB/rolling-school/react js/rs-react-dubovik/src/components/CustomSelect/CustomSelect.tsx",
    "statementMap": {
      "0": {
        "start": {
          "line": 3,
          "column": 0
        },
        "end": {
          "line": 3,
          "column": 104
        }
      },
      "1": {
        "start": {
          "line": 3,
          "column": 26
        },
        "end": {
          "line": 3,
          "column": 104
        }
      },
      "2": {
        "start": {
          "line": 4,
          "column": 23
        },
        "end": {
          "line": 4,
          "column": 42
        }
      },
      "3": {
        "start": {
          "line": 5,
          "column": 23
        },
        "end": {
          "line": 5,
          "column": 42
        }
      },
      "4": {
        "start": {
          "line": 6,
          "column": 0
        },
        "end": {
          "line": 6,
          "column": 147
        }
      },
      "5": {
        "start": {
          "line": 7,
          "column": 0
        },
        "end": {
          "line": 7,
          "column": 73
        }
      },
      "6": {
        "start": {
          "line": 10,
          "column": 9
        },
        "end": {
          "line": 10,
          "column": 23
        }
      },
      "7": {
        "start": {
          "line": 14,
          "column": 21
        },
        "end": {
          "line": 73,
          "column": 1
        }
      },
      "8": {
        "start": {
          "line": 15,
          "column": 4
        },
        "end": {
          "line": 15,
          "column": 9
        }
      },
      "9": {
        "start": {
          "line": 16,
          "column": 71
        },
        "end": {
          "line": 22,
          "column": 6
        }
      },
      "10": {
        "start": {
          "line": 23,
          "column": 4
        },
        "end": {
          "line": 72,
          "column": 13
        }
      },
      "11": {
        "start": {
          "line": 44,
          "column": 62
        },
        "end": {
          "line": 51,
          "column": 28
        }
      },
      "12": {
        "start": {
          "line": 74,
          "column": 0
        },
        "end": {
          "line": 78,
          "column": 3
        }
      },
      "13": {
        "start": {
          "line": 75,
          "column": 4
        },
        "end": {
          "line": 77,
          "column": 6
        }
      },
      "14": {
        "start": {
          "line": 79,
          "column": 0
        },
        "end": {
          "line": 79,
          "column": 18
        }
      },
      "15": {
        "start": {
          "line": 82,
          "column": 0
        },
        "end": {
          "line": 82,
          "column": 33
        }
      },
      "16": {
        "start": {
          "line": 85,
          "column": 0
        },
        "end": {
          "line": 85,
          "column": 37
        }
      },
      "17": {
        "start": {
          "line": 86,
          "column": 0
        },
        "end": {
          "line": 86,
          "column": 37
        }
      },
      "18": {
        "start": {
          "line": 87,
          "column": 0
        },
        "end": {
          "line": 94,
          "column": 3
        }
      },
      "19": {
        "start": {
          "line": 88,
          "column": 2
        },
        "end": {
          "line": 88,
          "column": 160
        }
      },
      "20": {
        "start": {
          "line": 89,
          "column": 2
        },
        "end": {
          "line": 93,
          "column": 5
        }
      },
      "21": {
        "start": {
          "line": 90,
          "column": 4
        },
        "end": {
          "line": 90,
          "column": 29
        }
      },
      "22": {
        "start": {
          "line": 90,
          "column": 22
        },
        "end": {
          "line": 90,
          "column": 29
        }
      },
      "23": {
        "start": {
          "line": 91,
          "column": 30
        },
        "end": {
          "line": 91,
          "column": 113
        }
      },
      "24": {
        "start": {
          "line": 92,
          "column": 4
        },
        "end": {
          "line": 92,
          "column": 73
        }
      },
      "25": {
        "start": {
          "line": 92,
          "column": 27
        },
        "end": {
          "line": 92,
          "column": 73
        }
      }
    },
    "fnMap": {
      "0": {
        "name": "(anonymous_0)",
        "decl": {
          "start": {
            "line": 14,
            "column": 21
          },
          "end": {
            "line": 14,
            "column": 22
          }
        },
        "loc": {
          "start": {
            "line": 14,
            "column": 54
          },
          "end": {
            "line": 73,
            "column": 1
          }
        },
        "line": 14
      },
      "1": {
        "name": "(anonymous_1)",
        "decl": {
          "start": {
            "line": 44,
            "column": 38
          },
          "end": {
            "line": 44,
            "column": 39
          }
        },
        "loc": {
          "start": {
            "line": 44,
            "column": 62
          },
          "end": {
            "line": 51,
            "column": 28
          }
        },
        "line": 44
      },
      "2": {
        "name": "(anonymous_2)",
        "decl": {
          "start": {
            "line": 74,
            "column": 56
          },
          "end": {
            "line": 74,
            "column": 57
          }
        },
        "loc": {
          "start": {
            "line": 74,
            "column": 67
          },
          "end": {
            "line": 78,
            "column": 1
          }
        },
        "line": 74
      },
      "3": {
        "name": "(anonymous_3)",
        "decl": {
          "start": {
            "line": 87,
            "column": 48
          },
          "end": {
            "line": 87,
            "column": 49
          }
        },
        "loc": {
          "start": {
            "line": 87,
            "column": 68
          },
          "end": {
            "line": 94,
            "column": 1
          }
        },
        "line": 87
      },
      "4": {
        "name": "(anonymous_4)",
        "decl": {
          "start": {
            "line": 89,
            "column": 25
          },
          "end": {
            "line": 89,
            "column": 26
          }
        },
        "loc": {
          "start": {
            "line": 89,
            "column": 42
          },
          "end": {
            "line": 93,
            "column": 3
          }
        },
        "line": 89
      }
    },
    "branchMap": {
      "0": {
        "loc": {
          "start": {
            "line": 3,
            "column": 0
          },
          "end": {
            "line": 3,
            "column": 104
          }
        },
        "type": "if",
        "locations": [
          {
            "start": {
              "line": 3,
              "column": 0
            },
            "end": {
              "line": 3,
              "column": 104
            }
          },
          {
            "start": {},
            "end": {}
          }
        ],
        "line": 3
      },
      "1": {
        "loc": {
          "start": {
            "line": 57,
            "column": 12
          },
          "end": {
            "line": 66,
            "column": 20
          }
        },
        "type": "binary-expr",
        "locations": [
          {
            "start": {
              "line": 57,
              "column": 12
            },
            "end": {
              "line": 57,
              "column": 17
            }
          },
          {
            "start": {
              "line": 57,
              "column": 35
            },
            "end": {
              "line": 66,
              "column": 20
            }
          }
        ],
        "line": 57
      },
      "2": {
        "loc": {
          "start": {
            "line": 90,
            "column": 4
          },
          "end": {
            "line": 90,
            "column": 29
          }
        },
        "type": "if",
        "locations": [
          {
            "start": {
              "line": 90,
              "column": 4
            },
            "end": {
              "line": 90,
              "column": 29
            }
          },
          {
            "start": {},
            "end": {}
          }
        ],
        "line": 90
      },
      "3": {
        "loc": {
          "start": {
            "line": 92,
            "column": 4
          },
          "end": {
            "line": 92,
            "column": 73
          }
        },
        "type": "if",
        "locations": [
          {
            "start": {
              "line": 92,
              "column": 4
            },
            "end": {
              "line": 92,
              "column": 73
            }
          },
          {
            "start": {},
            "end": {}
          }
        ],
        "line": 92
      }
    },
    "s": {
      "0": 6,
      "1": 0,
      "2": 6,
      "3": 6,
      "4": 6,
      "5": 6,
      "6": 6,
      "7": 6,
      "8": 0,
      "9": 0,
      "10": 0,
      "11": 0,
      "12": 6,
      "13": 0,
      "14": 6,
      "15": 6,
      "16": 6,
      "17": 6,
      "18": 6,
      "19": 6,
      "20": 6,
      "21": 0,
      "22": 0,
      "23": 0,
      "24": 0,
      "25": 0
    },
    "f": {
      "0": 0,
      "1": 0,
      "2": 0,
      "3": 6,
      "4": 0
    },
    "b": {
      "0": [
        0,
        6
      ],
      "1": [
        0,
        0
      ],
      "2": [
        0,
        0
      ],
      "3": [
        0,
        0
      ]
    },
    "inputSourceMap": {
      "version": 3,
      "sources": [
        "D:/WEB/rolling-school/react js/rs-react-dubovik/src/components/CustomSelect/CustomSelect.tsx"
      ],
      "names": [
        "React",
        "useController",
        "classes",
        "CustomSelect",
        "name",
        "options",
        "control",
        "field",
        "onChange",
        "value",
        "fieldState",
        "error",
        "rules",
        "required",
        "div",
        "className",
        "Box",
        "label",
        "Label",
        "htmlFor",
        "select",
        "Input",
        "id",
        "map",
        "option",
        "p",
        "style",
        "color",
        "message"
      ],
      "mappings": ";;;;;;;;;;AAAA,OAAOA,WAAW,QAAQ;AAC1B,SAASC,aAAa,QAAiB,kBAAkB;AAEzD,OAAOC,aAAa,4BAA4B;AAQhD,MAAMC,eAAe,CAAC,EAAEC,KAAI,EAAEC,QAAO,EAAEC,QAAO,EAAc,GAAK;;IAC/D,MAAM,EACJC,OAAO,EAAEC,SAAQ,EAAEC,MAAK,EAAE,CAAA,EAC1BC,YAAY,EAAEC,MAAK,EAAE,CAAA,EACtB,GAAGV,cAAc;QAAEG;QAAME;QAASM,OAAO;YAAEC,UAAU;QAAkB;IAAE;IAE1E,qBACE,QAACC;QAAIC,WAAWb,QAAQc,GAAG;;0BACzB,QAACC;gBAAMF,WAAWb,QAAQgB,KAAK;gBAAEC,SAASf;;oBACvCA;oBAAK;;;;;;;0BAER,QAACgB;gBACCL,WAAWb,QAAQmB,KAAK;gBACxBC,IAAIlB;gBACJA,MAAMA;gBACNI,UAAUA;gBACVC,OAAOA;0BAENJ,QAAQkB,GAAG,CAAC,CAACC,uBACZ,QAACA;wBAAuBf,OAAOe,OAAOf,KAAK;kCACxCe,OAAOpB,IAAI;uBADDoB,OAAOF,EAAE;;;;;;;;;;YAKzBX,uBAAS,QAACc;gBAAEC,OAAO;oBAAEC,OAAO;gBAAM;0BAAIhB,MAAMiB,OAAO;;;;;;;;;;;;AAG1D;GA3BMzB;;QAIAF;;;KAJAE;AA6BN,eAAeA,aAAa"
    },
    "_coverageSchema": "1a1c01bbd47fc00a2c39e90264f33305004495a9",
    "hash": "f34088a0125cca0becc5277826ae61e85105a528"
  },
  "D:/WEB/rolling-school/react js/rs-react-dubovik/src/components/UI/buttons/SubmitButton/SubmitButton.tsx": {
    "path": "D:/WEB/rolling-school/react js/rs-react-dubovik/src/components/UI/buttons/SubmitButton/SubmitButton.tsx",
    "statementMap": {
      "0": {
        "start": {
          "line": 6,
          "column": 8
        },
        "end": {
          "line": 15,
          "column": 17
        }
      },
      "1": {
        "start": {
          "line": 18,
          "column": 8
        },
        "end": {
          "line": 18,
          "column": 21
        }
      }
    },
    "fnMap": {
      "0": {
        "name": "(anonymous_0)",
        "decl": {
          "start": {
            "line": 5,
            "column": 4
          },
          "end": {
            "line": 5,
            "column": 5
          }
        },
        "loc": {
          "start": {
            "line": 5,
            "column": 13
          },
          "end": {
            "line": 16,
            "column": 5
          }
        },
        "line": 5
      },
      "1": {
        "name": "(anonymous_1)",
        "decl": {
          "start": {
            "line": 17,
            "column": 4
          },
          "end": {
            "line": 17,
            "column": 5
          }
        },
        "loc": {
          "start": {
            "line": 17,
            "column": 22
          },
          "end": {
            "line": 19,
            "column": 5
          }
        },
        "line": 17
      }
    },
    "branchMap": {
      "0": {
        "loc": {
          "start": {
            "line": 10,
            "column": 22
          },
          "end": {
            "line": 10,
            "column": 66
          }
        },
        "type": "cond-expr",
        "locations": [
          {
            "start": {
              "line": 10,
              "column": 40
            },
            "end": {
              "line": 10,
              "column": 55
            }
          },
          {
            "start": {
              "line": 10,
              "column": 58
            },
            "end": {
              "line": 10,
              "column": 66
            }
          }
        ],
        "line": 10
      }
    },
    "s": {
      "0": 0,
      "1": 0
    },
    "f": {
      "0": 0,
      "1": 0
    },
    "b": {
      "0": [
        0,
        0
      ]
    },
    "inputSourceMap": {
      "version": 3,
      "sources": [
        "D:/WEB/rolling-school/react js/rs-react-dubovik/src/components/UI/buttons/SubmitButton/SubmitButton.tsx"
      ],
      "names": [
        "React",
        "Component",
        "classes",
        "SubmitButton",
        "render",
        "button",
        "className",
        "Button",
        "type",
        "name",
        "props",
        "text",
        "constructor"
      ],
      "mappings": ";AAAA,OAAOA,SAASC,SAAS,QAAQ,QAAQ;AACzC,OAAOC,aAAa,4BAA4B;AAMhD,MAAMC,qBAAqBF;IAKzBG,SAAS;QACP,qBACE,QAACC;YAAOC,WAAWJ,QAAQK,MAAM;YAAEC,MAAK;YAASC,MAAK;sBACnD,IAAI,CAACC,KAAK,CAACC,IAAI,GAAG,IAAI,CAACD,KAAK,CAACC,IAAI,GAAG,QAAQ;;;;;;IAGnD;IAVAC,YAAYF,KAAyB,CAAE;QACrC,KAAK,CAACA;IACR;AASF;AAEA,eAAeP,aAAa"
    },
    "_coverageSchema": "1a1c01bbd47fc00a2c39e90264f33305004495a9",
    "hash": "29834f6afa0797521478069551f643e07d24867c"
  },
  "D:/WEB/rolling-school/react js/rs-react-dubovik/src/data/countries.ts": {
    "path": "D:/WEB/rolling-school/react js/rs-react-dubovik/src/data/countries.ts",
    "statementMap": {
      "0": {
        "start": {
          "line": 1,
          "column": 28
        },
        "end": {
          "line": 22,
          "column": 1
        }
      }
    },
    "fnMap": {},
    "branchMap": {},
    "s": {
      "0": 6
    },
    "f": {},
    "b": {},
    "inputSourceMap": {
      "version": 3,
      "sources": [
        "D:/WEB/rolling-school/react js/rs-react-dubovik/src/data/countries.ts"
      ],
      "names": [
        "countryArray",
        "name",
        "value",
        "id"
      ],
      "mappings": "AAAA,OAAO,MAAMA,eAAe;IAC1B;QAAEC,MAAM;QAAoBC,OAAO;QAAIC,IAAI;IAAE;IAC7C;QAAEF,MAAM;QAAOC,OAAO;QAAOC,IAAI;IAAE;IACnC;QAAEF,MAAM;QAAWC,OAAO;QAAWC,IAAI;IAAE;IAC3C;QAAEF,MAAM;QAAUC,OAAO;QAAUC,IAAI;IAAE;CAC1C,CAAC"
    },
    "_coverageSchema": "1a1c01bbd47fc00a2c39e90264f33305004495a9",
    "hash": "e08934434ffc1fc0ac898f6f09783ba2b5891cea"
  },
  "D:/WEB/rolling-school/react js/rs-react-dubovik/src/modules/Form/Form.tsx": {
    "path": "D:/WEB/rolling-school/react js/rs-react-dubovik/src/modules/Form/Form.tsx",
    "statementMap": {
      "0": {
        "start": {
          "line": 3,
          "column": 0
        },
        "end": {
          "line": 3,
          "column": 104
        }
      },
      "1": {
        "start": {
          "line": 3,
          "column": 26
        },
        "end": {
          "line": 3,
          "column": 104
        }
      },
      "2": {
        "start": {
          "line": 4,
          "column": 23
        },
        "end": {
          "line": 4,
          "column": 42
        }
      },
      "3": {
        "start": {
          "line": 5,
          "column": 23
        },
        "end": {
          "line": 5,
          "column": 42
        }
      },
      "4": {
        "start": {
          "line": 6,
          "column": 0
        },
        "end": {
          "line": 6,
          "column": 128
        }
      },
      "5": {
        "start": {
          "line": 7,
          "column": 0
        },
        "end": {
          "line": 7,
          "column": 73
        }
      },
      "6": {
        "start": {
          "line": 10,
          "column": 9
        },
        "end": {
          "line": 10,
          "column": 23
        }
      },
      "7": {
        "start": {
          "line": 20,
          "column": 13
        },
        "end": {
          "line": 207,
          "column": 1
        }
      },
      "8": {
        "start": {
          "line": 21,
          "column": 4
        },
        "end": {
          "line": 21,
          "column": 9
        }
      },
      "9": {
        "start": {
          "line": 22,
          "column": 21
        },
        "end": {
          "line": 22,
          "column": 37
        }
      },
      "10": {
        "start": {
          "line": 23,
          "column": 84
        },
        "end": {
          "line": 23,
          "column": 93
        }
      },
      "11": {
        "start": {
          "line": 24,
          "column": 21
        },
        "end": {
          "line": 34,
          "column": 5
        }
      },
      "12": {
        "start": {
          "line": 25,
          "column": 21
        },
        "end": {
          "line": 25,
          "column": 39
        }
      },
      "13": {
        "start": {
          "line": 26,
          "column": 8
        },
        "end": {
          "line": 33,
          "column": 9
        }
      },
      "14": {
        "start": {
          "line": 27,
          "column": 28
        },
        "end": {
          "line": 27,
          "column": 53
        }
      },
      "15": {
        "start": {
          "line": 28,
          "column": 12
        },
        "end": {
          "line": 31,
          "column": 16
        }
      },
      "16": {
        "start": {
          "line": 32,
          "column": 12
        },
        "end": {
          "line": 32,
          "column": 20
        }
      },
      "17": {
        "start": {
          "line": 35,
          "column": 4
        },
        "end": {
          "line": 206,
          "column": 13
        }
      },
      "18": {
        "start": {
          "line": 208,
          "column": 0
        },
        "end": {
          "line": 213,
          "column": 3
        }
      },
      "19": {
        "start": {
          "line": 209,
          "column": 4
        },
        "end": {
          "line": 212,
          "column": 6
        }
      },
      "20": {
        "start": {
          "line": 214,
          "column": 0
        },
        "end": {
          "line": 214,
          "column": 10
        }
      },
      "21": {
        "start": {
          "line": 217,
          "column": 0
        },
        "end": {
          "line": 217,
          "column": 25
        }
      },
      "22": {
        "start": {
          "line": 220,
          "column": 0
        },
        "end": {
          "line": 220,
          "column": 37
        }
      },
      "23": {
        "start": {
          "line": 221,
          "column": 0
        },
        "end": {
          "line": 221,
          "column": 37
        }
      },
      "24": {
        "start": {
          "line": 222,
          "column": 0
        },
        "end": {
          "line": 229,
          "column": 3
        }
      },
      "25": {
        "start": {
          "line": 223,
          "column": 2
        },
        "end": {
          "line": 223,
          "column": 141
        }
      },
      "26": {
        "start": {
          "line": 224,
          "column": 2
        },
        "end": {
          "line": 228,
          "column": 5
        }
      },
      "27": {
        "start": {
          "line": 225,
          "column": 4
        },
        "end": {
          "line": 225,
          "column": 29
        }
      },
      "28": {
        "start": {
          "line": 225,
          "column": 22
        },
        "end": {
          "line": 225,
          "column": 29
        }
      },
      "29": {
        "start": {
          "line": 226,
          "column": 30
        },
        "end": {
          "line": 226,
          "column": 113
        }
      },
      "30": {
        "start": {
          "line": 227,
          "column": 4
        },
        "end": {
          "line": 227,
          "column": 73
        }
      },
      "31": {
        "start": {
          "line": 227,
          "column": 27
        },
        "end": {
          "line": 227,
[...]
      "11": 6,
      "12": 6,
      "13": 6,
      "14": 6,
      "15": 0,
      "16": 0,
      "17": 0,
      "18": 0,
      "19": 0
    },
    "f": {
      "0": 6,
      "1": 6,
      "2": 0
    },
    "b": {
      "0": [
        0,
        6
      ],
      "1": [
        0,
        0
      ],
      "2": [
        0,
        0
      ]
    },
    "inputSourceMap": {
      "version": 3,
      "sources": [
        "D:/WEB/rolling-school/react js/rs-react-dubovik/src/router/Root/Root.tsx"
      ],
      "names": [
        "React",
        "Header",
        "routes",
        "classes",
        "Root",
        "main",
        "className",
        "div",
        "footer"
      ],
      "mappings": ";;;;;;;;;AAAA,OAAOA,WAAW,QAAQ;AAC1B,OAAOC,YAAY,8BAA8B;AACjD,OAAOC,YAAY,WAAW;AAC9B,OAAOC,aAAa,oBAAoB;AAExC,MAAMC,OAAO,IAAmB;IAC9B,qBACE;;0BACE,QAACH;;;;;0BACD,QAACI;gBAAKC,WAAWH,QAAQE,IAAI;0BAC3B,cAAA,QAACE;oBAAID,WAAU;8BAAmBJ;;;;;;;;;;;0BAEpC,QAACM;gBAAOF,WAAU;0BAChB,cAAA,QAACC;oBAAID,WAAU;8BAAoB;;;;;;;;;;;;;AAI3C;KAZMF;AAcN,eAAeA,KAAK"
    },
    "_coverageSchema": "1a1c01bbd47fc00a2c39e90264f33305004495a9",
    "hash": "d9c2ba30ac6ff099416b04f3bac0bbaab5338f43"
  },
  "D:/WEB/rolling-school/react js/rs-react-dubovik/src/app/App.tsx": {
    "path": "D:/WEB/rolling-school/react js/rs-react-dubovik/src/app/App.tsx",
    "statementMap": {
      "0": {
        "start": {
          "line": 3,
          "column": 0
        },
        "end": {
          "line": 3,
          "column": 104
        }
      },
      "1": {
        "start": {
          "line": 3,
          "column": 26
        },
        "end": {
          "line": 3,
          "column": 104
        }
      },
      "2": {
        "start": {
          "line": 4,
          "column": 23
        },
        "end": {
          "line": 4,
          "column": 42
        }
      },
      "3": {
        "start": {
          "line": 5,
          "column": 23
        },
        "end": {
          "line": 5,
          "column": 42
        }
      },
      "4": {
        "start": {
          "line": 6,
          "column": 0
        },
        "end": {
          "line": 6,
          "column": 118
        }
      },
      "5": {
        "start": {
          "line": 7,
          "column": 0
        },
        "end": {
          "line": 7,
          "column": 73
        }
      },
      "6": {
        "start": {
          "line": 13,
          "column": 12
        },
        "end": {
          "line": 26,
          "column": 1
        }
      },
      "7": {
        "start": {
          "line": 14,
          "column": 4
        },
        "end": {
          "line": 25,
          "column": 13
        }
      },
      "8": {
        "start": {
          "line": 27,
          "column": 0
        },
        "end": {
          "line": 27,
          "column": 9
        }
      },
      "9": {
        "start": {
          "line": 30,
          "column": 0
        },
        "end": {
          "line": 30,
          "column": 24
        }
      },
      "10": {
        "start": {
          "line": 33,
          "column": 0
        },
        "end": {
          "line": 33,
          "column": 37
        }
      },
      "11": {
        "start": {
          "line": 34,
          "column": 0
        },
        "end": {
          "line": 34,
          "column": 37
        }
      },
      "12": {
        "start": {
          "line": 35,
          "column": 0
        },
        "end": {
          "line": 42,
          "column": 3
        }
      },
      "13": {
        "start": {
          "line": 36,
          "column": 2
        },
        "end": {
          "line": 36,
          "column": 131
        }
      },
      "14": {
        "start": {
          "line": 37,
          "column": 2
        },
        "end": {
          "line": 41,
          "column": 5
        }
      },
      "15": {
        "start": {
          "line": 38,
          "column": 4
        },
        "end": {
          "line": 38,
          "column": 29
        }
      },
      "16": {
        "start": {
          "line": 38,
          "column": 22
        },
        "end": {
          "line": 38,
          "column": 29
        }
      },
      "17": {
        "start": {
          "line": 39,
          "column": 30
        },
        "end": {
          "line": 39,
          "column": 113
        }
      },
      "18": {
        "start": {
          "line": 40,
          "column": 4
        },
        "end": {
          "line": 40,
          "column": 73
        }
      },
      "19": {
        "start": {
          "line": 40,
          "column": 27
        },
        "end": {
          "line": 40,
          "column": 73
        }
      }
    },
    "fnMap": {
      "0": {
        "name": "(anonymous_0)",
        "decl": {
          "start": {
            "line": 13,
            "column": 12
          },
          "end": {
            "line": 13,
            "column": 13
          }
        },
        "loc": {
          "start": {
            "line": 13,
            "column": 16
          },
          "end": {
            "line": 26,
            "column": 1
          }
        },
        "line": 13
      },
      "1": {
        "name": "(anonymous_1)",
        "decl": {
          "start": {
            "line": 35,
            "column": 48
          },
          "end": {
            "line": 35,
            "column": 49
          }
        },
        "loc": {
          "start": {
            "line": 35,
            "column": 68
          },
          "end": {
            "line": 42,
            "column": 1
          }
        },
        "line": 35
      },
      "2": {
        "name": "(anonymous_2)",
        "decl": {
          "start": {
            "line": 37,
            "column": 25
          },
          "end": {
            "line": 37,
            "column": 26
          }
        },
        "loc": {
          "start": {
            "line": 37,
            "column": 42
          },
          "end": {
            "line": 41,
            "column": 3
          }
        },
        "line": 37
      }
    },
    "branchMap": {
      "0": {
        "loc": {
          "start": {
            "line": 3,
            "column": 0
          },
          "end": {
            "line": 3,
            "column": 104
          }
        },
        "type": "if",
        "locations": [
          {
            "start": {
              "line": 3,
              "column": 0
            },
            "end": {
              "line": 3,
              "column": 104
            }
          },
          {
            "start": {},
            "end": {}
          }
        ],
        "line": 3
      },
      "1": {
        "loc": {
          "start": {
            "line": 38,
            "column": 4
          },
          "end": {
            "line": 38,
            "column": 29
          }
        },
        "type": "if",
        "locations": [
          {
            "start": {
              "line": 38,
              "column": 4
            },
            "end": {
              "line": 38,
              "column": 29
            }
          },
          {
            "start": {},
            "end": {}
          }
        ],
        "line": 38
      },
      "2": {
        "loc": {
          "start": {
            "line": 40,
            "column": 4
          },
          "end": {
            "line": 40,
            "column": 73
          }
        },
        "type": "if",
        "locations": [
          {
            "start": {
              "line": 40,
              "column": 4
            },
            "end": {
              "line": 40,
              "column": 73
            }
          },
          {
            "start": {},
            "end": {}
          }
        ],
        "line": 40
      }
    },
    "s": {
      "0": 6,
      "1": 0,
      "2": 6,
      "3": 6,
      "4": 6,
      "5": 6,
      "6": 6,
      "7": 6,
      "8": 6,
      "9": 6,
      "10": 6,
      "11": 6,
      "12": 6,
      "13": 6,
      "14": 6,
      "15": 0,
      "16": 0,
      "17": 0,
      "18": 0,
      "19": 0
    },
    "f": {
      "0": 6,
      "1": 6,
      "2": 0
    },
    "b": {
      "0": [
        0,
        6
      ],
      "1": [
        0,
        0
      ],
      "2": [
        0,
        0
      ]
    },
    "inputSourceMap": {
      "version": 3,
      "sources": [
        "D:/WEB/rolling-school/react js/rs-react-dubovik/src/app/App.tsx"
      ],
      "names": [
        "React",
        "Root",
        "App",
        "div",
        "className"
      ],
      "mappings": ";;;;;;;;;AAAA,OAAOA,WAAW,QAAQ;AAC1B,OAAOC,UAAU,sBAAsB;AACvC,OAAO,YAAY;AAEnB,MAAMC,MAAM,IAAM;IAChB,qBACE,QAACC;QAAIC,WAAU;kBACb,cAAA,QAACH;;;;;;;;;;AAGP;KANMC;AAQN,eAAeA,IAAI"
    },
    "_coverageSchema": "1a1c01bbd47fc00a2c39e90264f33305004495a9",
    "hash": "cc9ea6574c32d5a0d7484711fb6cc85996066ec4"
  },
  "D:/WEB/rolling-school/react js/rs-react-dubovik/src/app/store/store.ts": {
    "path": "D:/WEB/rolling-school/react js/rs-react-dubovik/src/app/store/store.ts",
    "statementMap": {
      "0": {
        "start": {
          "line": 5,
          "column": 21
        },
        "end": {
          "line": 12,
          "column": 2
        }
      },
      "1": {
        "start": {
          "line": 11,
          "column": 40
        },
        "end": {
          "line": 11,
          "column": 93
        }
      }
    },
    "fnMap": {
      "0": {
        "name": "(anonymous_0)",
        "decl": {
          "start": {
            "line": 11,
            "column": 16
          },
          "end": {
            "line": 11,
            "column": 17
          }
        },
        "loc": {
          "start": {
            "line": 11,
            "column": 40
          },
          "end": {
            "line": 11,
            "column": 93
          }
        },
        "line": 11
      }
    },
    "branchMap": {},
    "s": {
      "0": 6,
      "1": 6
    },
    "f": {
      "0": 6
    },
    "b": {},
    "inputSourceMap": {
      "version": 3,
      "sources": [
        "D:/WEB/rolling-school/react js/rs-react-dubovik/src/app/store/store.ts"
      ],
      "names": [
        "configureStore",
        "searchReducer",
        "userReducer",
        "cardlistApi",
        "store",
        "reducer",
        "search",
        "reducerPath",
        "users",
        "middleware",
        "getDefaultMiddleware",
        "concat"
      ],
      "mappings": "AAAA,SAASA,cAAc,QAAQ,mBAAmB;AAClD,OAAOC,mBAAmB,iDAAiD;AAC3E,OAAOC,iBAAiB,oCAAoC;AAC5D,SAASC,WAAW,QAAQ,kDAAkD;AAE9E,OAAO,MAAMC,QAAQJ,eAAe;IAClCK,SAAS;QACPC,QAAQL;QACR,CAACE,YAAYI,WAAW,CAAC,EAAEJ,YAAYE,OAAO;QAC9CG,OAAON;IACT;IACAO,YAAY,CAACC,uBAAyBA,uBAAuBC,MAAM,CAACR,YAAYM,UAAU;AAC5F,GAAG"
    },
    "_coverageSchema": "1a1c01bbd47fc00a2c39e90264f33305004495a9",
    "hash": "38ae982775b472f0916b2eed1939e9fd165a1213"
  },
  "D:/WEB/rolling-school/react js/rs-react-dubovik/src/setupTest.ts": {
    "path": "D:/WEB/rolling-school/react js/rs-react-dubovik/src/setupTest.ts",
    "statementMap": {},
    "fnMap": {},
    "branchMap": {},
    "s": {},
    "f": {},
    "b": {}
  },
  "D:/WEB/rolling-school/react js/rs-react-dubovik/src/routes/routes.enum.ts": {
    "path": "D:/WEB/rolling-school/react js/rs-react-dubovik/src/routes/routes.enum.ts",
    "statementMap": {},
    "fnMap": {},
    "branchMap": {},
    "s": {},
    "f": {},
    "b": {}
  },
  "D:/WEB/rolling-school/react js/rs-react-dubovik/src/server/api.ts": {
    "path": "D:/WEB/rolling-school/react js/rs-react-dubovik/src/server/api.ts",
    "statementMap": {},
    "fnMap": {},
    "branchMap": {},
    "s": {},
    "f": {},
    "b": {}
  },
  "D:/WEB/rolling-school/react js/rs-react-dubovik/src/utils/localStorage.test.ts": {
    "path": "D:/WEB/rolling-school/react js/rs-react-dubovik/src/utils/localStorage.test.ts",
    "statementMap": {},
    "fnMap": {},
    "branchMap": {},
    "s": {},
    "f": {},
    "b": {}
  },
  "D:/WEB/rolling-school/react js/rs-react-dubovik/src/utils/localStorage.ts": {
    "path": "D:/WEB/rolling-school/react js/rs-react-dubovik/src/utils/localStorage.ts",
    "statementMap": {},
    "fnMap": {},
    "branchMap": {},
    "s": {},
    "f": {},
    "b": {}
  },
  "D:/WEB/rolling-school/react js/rs-react-dubovik/src/common/types/cardsList.ts": {
    "path": "D:/WEB/rolling-school/react js/rs-react-dubovik/src/common/types/cardsList.ts",
    "statementMap": {},
    "fnMap": {},
    "branchMap": {},
    "s": {},
    "f": {},
    "b": {}
  },
  "D:/WEB/rolling-school/react js/rs-react-dubovik/src/common/types/localStorage.ts": {
    "path": "D:/WEB/rolling-school/react js/rs-react-dubovik/src/common/types/localStorage.ts",
    "statementMap": {},
    "fnMap": {},
    "branchMap": {},
    "s": {},
    "f": {},
    "b": {}
  },
  "D:/WEB/rolling-school/react js/rs-react-dubovik/src/entry-client.tsx": {
    "path": "D:/WEB/rolling-school/react js/rs-react-dubovik/src/entry-client.tsx",
    "statementMap": {},
    "fnMap": {},
    "branchMap": {},
    "s": {},
    "f": {},
    "b": {}
  },
  "D:/WEB/rolling-school/react js/rs-react-dubovik/src/entry-server.tsx": {
    "path": "D:/WEB/rolling-school/react js/rs-react-dubovik/src/entry-server.tsx",
    "statementMap": {},
    "fnMap": {},
    "branchMap": {},
    "s": {},
    "f": {},
    "b": {}
  },
  "D:/WEB/rolling-school/react js/rs-react-dubovik/src/app/App.test.tsx": {
    "path": "D:/WEB/rolling-school/react js/rs-react-dubovik/src/app/App.test.tsx",
    "statementMap": {},
    "fnMap": {},
    "branchMap": {},
    "s": {},
    "f": {},
    "b": {}
  },
  "D:/WEB/rolling-school/react js/rs-react-dubovik/src/pages/ErrorPage.tsx": {
    "path": "D:/WEB/rolling-school/react js/rs-react-dubovik/src/pages/ErrorPage.tsx",
    "statementMap": {},
    "fnMap": {},
    "branchMap": {},
    "s": {},
    "f": {},
    "b": {}
  },
  "D:/WEB/rolling-school/react js/rs-react-dubovik/src/routes/Root.tsx": {
    "path": "D:/WEB/rolling-school/react js/rs-react-dubovik/src/routes/Root.tsx",
    "statementMap": {},
    "fnMap": {},
    "branchMap": {},
    "s": {},
    "f": {},
    "b": {}
  },
  "D:/WEB/rolling-school/react js/rs-react-dubovik/src/routes/router.tsx": {
    "path": "D:/WEB/rolling-school/react js/rs-react-dubovik/src/routes/router.tsx",
    "statementMap": {},
    "fnMap": {},
    "branchMap": {},
    "s": {},
    "f": {},
    "b": {}
  },
  "D:/WEB/rolling-school/react js/rs-react-dubovik/src/components/CustomRadio/CustomRadio.test.tsx": {
    "path": "D:/WEB/rolling-school/react js/rs-react-dubovik/src/components/CustomRadio/CustomRadio.test.tsx",
    "statementMap": {},
    "fnMap": {},
    "branchMap": {},
    "s": {},
    "f": {},
    "b": {}
  },
  "D:/WEB/rolling-school/react js/rs-react-dubovik/src/components/CustomSelect/CustomSelect.test.tsx": {
    "path": "D:/WEB/rolling-school/react js/rs-react-dubovik/src/components/CustomSelect/CustomSelect.test.tsx",
    "statementMap": {},
    "fnMap": {},
    "branchMap": {},
    "s": {},
    "f": {},
    "b": {}
  },
  "D:/WEB/rolling-school/react js/rs-react-dubovik/src/components/Image/Image.test.tsx": {
    "path": "D:/WEB/rolling-school/react js/rs-react-dubovik/src/components/Image/Image.test.tsx",
    "statementMap": {},
    "fnMap": {},
    "branchMap": {},
    "s": {},
    "f": {},
    "b": {}
  },
  "D:/WEB/rolling-school/react js/rs-react-dubovik/src/modules/footer/Footer.tsx": {
    "path": "D:/WEB/rolling-school/react js/rs-react-dubovik/src/modules/footer/Footer.tsx",
    "statementMap": {},
    "fnMap": {},
    "branchMap": {},
    "s": {},
    "f": {},
    "b": {}
  },
  "D:/WEB/rolling-school/react js/rs-react-dubovik/src/modules/Form/Form.test.tsx": {
    "path": "D:/WEB/rolling-school/react js/rs-react-dubovik/src/modules/Form/Form.test.tsx",
    "statementMap": {},
    "fnMap": {},
    "branchMap": {},
    "s": {},
    "f": {},
    "b": {}
  },
  "D:/WEB/rolling-school/react js/rs-react-dubovik/src/modules/layout/Layout.tsx": {
    "path": "D:/WEB/rolling-school/react js/rs-react-dubovik/src/modules/layout/Layout.tsx",
    "statementMap": {},
    "fnMap": {},
    "branchMap": {},
    "s": {},
    "f": {},
    "b": {}
  },
  "D:/WEB/rolling-school/react js/rs-react-dubovik/src/modules/UserList/UserList.test.tsx": {
    "path": "D:/WEB/rolling-school/react js/rs-react-dubovik/src/modules/UserList/UserList.test.tsx",
    "statementMap": {},
    "fnMap": {},
    "branchMap": {},
    "s": {},
    "f": {},
    "b": {}
  },
  "D:/WEB/rolling-school/react js/rs-react-dubovik/src/pages/FormPage/FormPage.test.tsx": {
    "path": "D:/WEB/rolling-school/react js/rs-react-dubovik/src/pages/FormPage/FormPage.test.tsx",
    "statementMap": {},
    "fnMap": {},
    "branchMap": {},
    "s": {},
    "f": {},
    "b": {}
  },
  "D:/WEB/rolling-school/react js/rs-react-dubovik/src/pages/MainPage/MainPage.test.tsx": {
    "path": "D:/WEB/rolling-school/react js/rs-react-dubovik/src/pages/MainPage/MainPage.test.tsx",
    "statementMap": {},
    "fnMap": {},
    "branchMap": {},
    "s": {},
    "f": {},
    "b": {}
  },
  "D:/WEB/rolling-school/react js/rs-react-dubovik/src/pages/MainPage/MainPage.tsx": {
    "path": "D:/WEB/rolling-school/react js/rs-react-dubovik/src/pages/MainPage/MainPage.tsx",
    "statementMap": {},
    "fnMap": {},
    "branchMap": {},
    "s": {},
    "f": {},
    "b": {}
  },
  "D:/WEB/rolling-school/react js/rs-react-dubovik/src/components/UI/input/MyInput.test.tsx": {
    "path": "D:/WEB/rolling-school/react js/rs-react-dubovik/src/components/UI/input/MyInput.test.tsx",
    "statementMap": {},
    "fnMap": {},
    "branchMap": {},
    "s": {},
    "f": {},
    "b": {}
  },
  "D:/WEB/rolling-school/react js/rs-react-dubovik/src/components/UI/navbar/Navbar.test.tsx": {
    "path": "D:/WEB/rolling-school/react js/rs-react-dubovik/src/components/UI/navbar/Navbar.test.tsx",
    "statementMap": {},
    "fnMap": {},
    "branchMap": {},
    "s": {},
    "f": {},
    "b": {}
  },
  "D:/WEB/rolling-school/react js/rs-react-dubovik/src/modules/imagePosts/CardsList/CardsList.test.tsx": {
    "path": "D:/WEB/rolling-school/react js/rs-react-dubovik/src/modules/imagePosts/CardsList/CardsList.test.tsx",
    "statementMap": {},
    "fnMap": {},
    "branchMap": {},
    "s": {},
    "f": {},
    "b": {}
  },
  "D:/WEB/rolling-school/react js/rs-react-dubovik/src/modules/imagePosts/PhotoCard/PhotoCard.test.tsx": {
    "path": "D:/WEB/rolling-school/react js/rs-react-dubovik/src/modules/imagePosts/PhotoCard/PhotoCard.test.tsx",
    "statementMap": {},
    "fnMap": {},
    "branchMap": {},
    "s": {},
    "f": {},
    "b": {}
  },
  "D:/WEB/rolling-school/react js/rs-react-dubovik/src/modules/imagePosts/PhotoModal.tsx/PhotoModal.test.tsx": {
    "path": "D:/WEB/rolling-school/react js/rs-react-dubovik/src/modules/imagePosts/PhotoModal.tsx/PhotoModal.test.tsx",
    "statementMap": {},
    "fnMap": {},
    "branchMap": {},
    "s": {},
    "f": {},
    "b": {}
  },
  "D:/WEB/rolling-school/react js/rs-react-dubovik/src/modules/imagePosts/searchBar/SearchBar.test.tsx": {
    "path": "D:/WEB/rolling-school/react js/rs-react-dubovik/src/modules/imagePosts/searchBar/SearchBar.test.tsx",
    "statementMap": {},
    "fnMap": {},
    "branchMap": {},
    "s": {},
    "f": {},
    "b": {}
  },
  "D:/WEB/rolling-school/react js/rs-react-dubovik/src/modules/UserList/UserItem/UserItem.test.tsx": {
    "path": "D:/WEB/rolling-school/react js/rs-react-dubovik/src/modules/UserList/UserItem/UserItem.test.tsx",
    "statementMap": {},
    "fnMap": {},
    "branchMap": {},
    "s": {},
    "f": {},
    "b": {}
  },
  "D:/WEB/rolling-school/react js/rs-react-dubovik/src/components/UI/buttons/SubmitButton/SubmitButton.test.tsx": {
    "path": "D:/WEB/rolling-school/react js/rs-react-dubovik/src/components/UI/buttons/SubmitButton/SubmitButton.test.tsx",
    "statementMap": {},
    "fnMap": {},
    "branchMap": {},
    "s": {},
    "f": {},
    "b": {}
  }
}
